22.11.2013 10:21:51
++++++++++++++++++++++++++++++++++++++++++++++++ Начало работы программы 

22.11.2013 10:21:52
Соединение открыто!

22.11.2013 10:21:52
Open - закрытие соединения...

22.11.2013 10:21:52
Успешно!

22.11.2013 10:21:54
Соединение открыто!

22.11.2013 10:21:54
Запрос прошёл!
select HASHFILE from USP_TEMPLATES where NAMEFILE = :name
-
Parametrs:
name - buttons.dlx
-
Data:
0BEDED3E663FB46CAF21A031EE063AF8

22.11.2013 10:21:54
Open - закрытие соединения...

22.11.2013 10:21:54
Успешно!

22.11.2013 10:21:54
~~~~~~~~~~ Запущен диалог Buttons

22.11.2013 10:21:56
Соединение открыто!

22.11.2013 10:21:56
Запрос прошёл!
select HASHFILE from USP_TEMPLATES where NAMEFILE = :name
-
Parametrs:
name - tunnel+slot.dlx
-
Data:
50FB98F6F7694ED7BE113495338CBFF8

22.11.2013 10:21:56
Open - закрытие соединения...

22.11.2013 10:21:56
Успешно!

22.11.2013 10:21:56
~~~~~~~~~~ Запущен диалог Tunnelslot

22.11.2013 10:21:58
Нажат выбор объекта по первому select.

22.11.2013 10:21:59
У объекта "7033-2931 [00] Component 50666" 1 тел(о).

22.11.2013 10:21:59
НГП для данного элемента:
============

22.11.2013 10:21:59
Соединение открыто!

22.11.2013 10:21:59
Запрос прошёл!
select KATALOG_USP from DB_DATA where OBOZN = :elementTitle
-
Parametrs:
elementTitle - 7033-2931
-
Data:
1

22.11.2013 10:21:59
Open - закрытие соединения...

22.11.2013 10:21:59
Успешно!

22.11.2013 10:21:59
Грань выбрана - Face 50671

22.11.2013 10:21:59
НГП для данного элемента:
============

22.11.2013 10:22:09
Нажата постановка первой точки.

22.11.2013 10:22:09
Координаты точки - [X=1160,93047511316,Y=733,012720828668,Z=812,5]

22.11.2013 10:22:09
||||||||||||||||||||||||||||||||||||||||||||
Базовые плоскости пазов не найдены!
Выберите другой элемент!

22.11.2013 10:22:19
Нажата кнопка ОТМЕНА.

22.11.2013 10:22:21
-------------------------------------------------- Конец работы программы 

22.11.2013 12:48:15
++++++++++++++++++++++++++++++++++++++++++++++++ Начало работы программы 

22.11.2013 12:48:16
Соединение открыто!

22.11.2013 12:48:16
Open - закрытие соединения...

22.11.2013 12:48:16
Успешно!

22.11.2013 12:48:18
Соединение открыто!

22.11.2013 12:48:18
Запрос прошёл!
select HASHFILE from USP_TEMPLATES where NAMEFILE = :name
-
Parametrs:
name - buttons.dlx
-
Data:
0BEDED3E663FB46CAF21A031EE063AF8

22.11.2013 12:48:18
Open - закрытие соединения...

22.11.2013 12:48:18
Успешно!

22.11.2013 12:48:18
~~~~~~~~~~ Запущен диалог Buttons

22.11.2013 12:48:20
Соединение открыто!

22.11.2013 12:48:20
Запрос прошёл!
select HASHFILE from USP_TEMPLATES where NAMEFILE = :name
-
Parametrs:
name - heightSet.dlx
-
Data:
8D0F9D70CB68BF727496A787143B3537

22.11.2013 12:48:20
Open - закрытие соединения...

22.11.2013 12:48:20
Успешно!

22.11.2013 12:48:20
~~~~~~~~~~ Запущен диалог HeightSet

22.11.2013 12:48:25
Активирована кнопка выбора первой грани.

22.11.2013 12:48:26
Активирована кнопка выбора второй грани.

22.11.2013 12:48:27
Расстояние между гранями = 117,5

22.11.2013 12:48:27
Соединение открыто!

22.11.2013 12:48:27
Запрос прошёл!
select * from(select MAX(TO_NUMBER(L) ) from DB_DATA where KATALOG_USP = :cat and D like :dia and GROUP_USP = 5 and NAME = 'Болты  пазовые')where rownum=1
-
Parametrs:
dia - %12%
cat - 1
-
Data:
300

22.11.2013 12:48:27
Open - закрытие соединения...

22.11.2013 12:48:27
Успешно!

22.11.2013 12:48:27
У объекта "7050-2201 Component 49877" 1 тел(о).

22.11.2013 12:48:27
НГП для данного элемента:
Face 49988
Face 50004
Face 50010
============

22.11.2013 12:48:27
Деталь C:\Documents and Settings\591056\Local Settings\Temp\UGH\7033-2114.prt загружена в NX!

22.11.2013 12:48:27
У объекта "ETTINGS_TEMP_UGH_7033-2114.PRT Component 31214" 1 тел(о).

22.11.2013 12:48:27
НГП для данного элемента:
Face 42479
Face 39874
Face 40305
Face 40298
Face 40509
Face 42466
Face 40451
Face 42460
============

22.11.2013 12:48:28
Соединение касанием Face 50012 и Face 40465

22.11.2013 12:48:28
Деталь C:\Documents and Settings\591056\Local Settings\Temp\UGH\7033-2115.prt загружена в NX!

22.11.2013 12:48:28
У объекта "ETTINGS_TEMP_UGH_7033-2115.PRT Component 42227" 1 тел(о).

22.11.2013 12:48:28
НГП для данного элемента:
Face 42091
Face 42008
Face 42039
Face 42064
Face 41801
Face 42075
Face 42101
Face 41856
============

22.11.2013 12:48:28
Соединение касанием Face 42100 и Face 42492

22.11.2013 12:48:28
Координаты точки - [X=-5,51775439062956,Y=24,22204079152,Z=56,9999999999999]

22.11.2013 12:48:28
Соединение открыто!

22.11.2013 12:48:28
Запрос прошёл!
select KATALOG_USP from DB_DATA where OBOZN = :elementTitle
-
Parametrs:
elementTitle - 7033-2115
-
Data:
1

22.11.2013 12:48:28
Open - закрытие соединения...

22.11.2013 12:48:28
Успешно!

22.11.2013 12:48:28
Координаты точки - [X=-5,51775439062956,Y=24,22204079152,Z=62,9999999999999]

22.11.2013 12:48:28
Соединение открыто!

22.11.2013 12:48:28
Запрос прошёл!
select KATALOG_USP from DB_DATA where OBOZN = :elementTitle
-
Parametrs:
elementTitle - 7033-2114
-
Data:
1

22.11.2013 12:48:28
Open - закрытие соединения...

22.11.2013 12:48:28
Успешно!

22.11.2013 12:48:28
Деталь C:\Documents and Settings\591056\Local Settings\Temp\UGH\7033-2212.prt загружена в NX!

22.11.2013 12:48:28
У объекта "ETTINGS_TEMP_UGH_7033-2212.PRT Component 52769" 1 тел(о).

22.11.2013 12:48:28
НГП для данного элемента:
Face 52938
Face 52945
Face 52845
Face 53039
Face 52899
Face 52951
Face 52947
Face 52943
Face 52820
============

22.11.2013 12:48:28
Соединение касанием Face 52874 и Face 42010

22.11.2013 12:48:28
Координаты точки - [X=18,Y=36,5,Z=36,9999999999999]

22.11.2013 12:48:28
Соединение открыто!

22.11.2013 12:48:28
Запрос прошёл!
select KATALOG_USP from DB_DATA where OBOZN = :elementTitle
-
Parametrs:
elementTitle - 7033-2212
-
Data:
1

22.11.2013 12:48:28
Open - закрытие соединения...

22.11.2013 12:48:28
Успешно!

22.11.2013 12:48:28
Координаты точки - [X=-9,03216797697446,Y=15,727990100353,Z=42,9999999999999]

22.11.2013 12:48:28
Соединение касанием Face 48433 и Face 52989

22.11.2013 12:48:37
-------------------------------------------------- Конец работы программы 

22.11.2013 12:49:38
++++++++++++++++++++++++++++++++++++++++++++++++ Начало работы программы 

22.11.2013 12:49:38
Соединение открыто!

22.11.2013 12:49:38
Open - закрытие соединения...

22.11.2013 12:49:39
Успешно!

22.11.2013 12:49:40
Соединение открыто!

22.11.2013 12:49:40
Запрос прошёл!
select HASHFILE from USP_TEMPLATES where NAMEFILE = :name
-
Parametrs:
name - buttons.dlx
-
Data:
0BEDED3E663FB46CAF21A031EE063AF8

22.11.2013 12:49:40
Open - закрытие соединения...

22.11.2013 12:49:40
Успешно!

22.11.2013 12:49:40
~~~~~~~~~~ Запущен диалог Buttons

22.11.2013 12:49:42
Соединение открыто!

22.11.2013 12:49:42
Запрос прошёл!
select HASHFILE from USP_TEMPLATES where NAMEFILE = :name
-
Parametrs:
name - heightSet.dlx
-
Data:
8D0F9D70CB68BF727496A787143B3537

22.11.2013 12:49:42
Open - закрытие соединения...

22.11.2013 12:49:42
Успешно!

22.11.2013 12:49:42
~~~~~~~~~~ Запущен диалог HeightSet

22.11.2013 12:49:44
Активирована кнопка выбора первой грани.

22.11.2013 12:49:46
Активирована кнопка выбора второй грани.

22.11.2013 12:49:46
Расстояние между гранями = 117,5

22.11.2013 12:49:46
Соединение открыто!

22.11.2013 12:49:46
Запрос прошёл!
select * from(select MAX(TO_NUMBER(L) ) from DB_DATA where KATALOG_USP = :cat and D like :dia and GROUP_USP = 5 and NAME = 'Болты  пазовые')where rownum=1
-
Parametrs:
dia - %12%
cat - 1
-
Data:
300

22.11.2013 12:49:46
Open - закрытие соединения...

22.11.2013 12:49:46
Успешно!

22.11.2013 12:49:47
У объекта "7081-2221 Component 47961" 1 тел(о).

22.11.2013 12:49:47
НГП для данного элемента:
Face 48633
============

22.11.2013 12:49:47
Деталь C:\Documents and Settings\591056\Local Settings\Temp\UGH\7033-2114.prt загружена в NX!

22.11.2013 12:49:47
У объекта "ETTINGS_TEMP_UGH_7033-2114.PRT Component 31214" 1 тел(о).

22.11.2013 12:49:47
НГП для данного элемента:
Face 39882
Face 40256
Face 40279
Face 40308
Face 42491
Face 40506
Face 39881
Face 42459
============

22.11.2013 12:49:47
Соединение касанием Face 48433 и Face 40297

22.11.2013 12:49:47
Деталь C:\Documents and Settings\591056\Local Settings\Temp\UGH\7033-2115.prt загружена в NX!

22.11.2013 12:49:48
У объекта "ETTINGS_TEMP_UGH_7033-2115.PRT Component 42227" 1 тел(о).

22.11.2013 12:49:48
НГП для данного элемента:
Face 42219
Face 41811
Face 42048
Face 41900
Face 42016
Face 42047
Face 41995
Face 41886
============

22.11.2013 12:49:48
Соединение касанием Face 42106 и Face 40813

22.11.2013 12:49:48
Координаты точки - [X=23,5,Y=30,Z=-19,5]

22.11.2013 12:49:48
Соединение открыто!

22.11.2013 12:49:48
Запрос прошёл!
select KATALOG_USP from DB_DATA where OBOZN = :elementTitle
-
Parametrs:
elementTitle - 7033-2115
-
Data:
1

22.11.2013 12:49:48
Open - закрытие соединения...

22.11.2013 12:49:48
Успешно!

22.11.2013 12:49:48
Координаты точки - [X=23,5,Y=30,Z=-25,5]

22.11.2013 12:49:48
Соединение открыто!

22.11.2013 12:49:48
Запрос прошёл!
select KATALOG_USP from DB_DATA where OBOZN = :elementTitle
-
Parametrs:
elementTitle - 7033-2114
-
Data:
1

22.11.2013 12:49:48
Open - закрытие соединения...

22.11.2013 12:49:48
Успешно!

22.11.2013 12:49:48
Деталь C:\Documents and Settings\591056\Local Settings\Temp\UGH\7033-2212.prt загружена в NX!

22.11.2013 12:49:48
У объекта "ETTINGS_TEMP_UGH_7033-2212.PRT Component 52769" 1 тел(о).

22.11.2013 12:49:48
НГП для данного элемента:
Face 53039
Face 52837
Face 52922
Face 52873
Face 52974
Face 52919
Face 52804
Face 52955
Face 52969
============

22.11.2013 12:49:48
Соединение касанием Face 52905 и Face 42000

22.11.2013 12:49:48
Координаты точки - [X=-18,Y=36,5,Z=0,499999999999994]

22.11.2013 12:49:48
Соединение открыто!

22.11.2013 12:49:48
Запрос прошёл!
select KATALOG_USP from DB_DATA where OBOZN = :elementTitle
-
Parametrs:
elementTitle - 7033-2212
-
Data:
1

22.11.2013 12:49:48
Open - закрытие соединения...

22.11.2013 12:49:48
Успешно!

22.11.2013 12:49:48
Координаты точки - [X=30,Y=23,5,Z=-5,50000000000001]

22.11.2013 12:49:48
Соединение касанием Face 50012 и Face 52848

22.11.2013 12:49:52
Соединение открыто!

22.11.2013 12:49:52
Запрос прошёл!
select FILEBLOB from USP_TEMPLATES where NAMEFILE = :name
-
Parametrs:
name - setBoltInSlot.dlx
-
Data:
C:\Documents and Settings\591056\Local Settings\Temp\UGH\USP\dialogs

22.11.2013 12:49:52
Open - закрытие соединения...

22.11.2013 12:49:52
Успешно!

22.11.2013 12:49:52
~~~~~~~~~~ Запущен диалог SetBoltInSlot

22.11.2013 12:49:53
Активирована кнопка постановки точки.

22.11.2013 12:49:53
Координаты точки
[X=142,624829539898,Y=155,065943754406,Z=-40]


22.11.2013 12:49:53
У объекта "ETTINGS_TEMP_UGH_7033-2212.PRT Component 52769" 1 тел(о).

22.11.2013 12:49:53
НГП для данного элемента:
Face 53039
Face 52837
Face 52922
Face 52873
Face 52974
Face 52919
Face 52804
Face 52955
Face 52969
============

22.11.2013 12:49:54
У объекта "ETTINGS_TEMP_UGH_7033-2115.PRT Component 42227" 1 тел(о).

22.11.2013 12:49:54
НГП для данного элемента:
Face 42219
Face 41811
Face 42048
Face 41900
Face 42016
Face 42047
Face 41995
Face 41886
============

22.11.2013 12:49:54
У объекта "ETTINGS_TEMP_UGH_7033-2114.PRT Component 31214" 1 тел(о).

22.11.2013 12:49:54
НГП для данного элемента:
Face 39882
Face 40256
Face 40279
Face 40308
Face 42491
Face 40506
Face 39881
Face 42459
============

22.11.2013 12:49:54
У объекта "7050-2201 Component 49877" 1 тел(о).

22.11.2013 12:49:54
НГП для данного элемента:
Face 49988
Face 50004
Face 50010
============

22.11.2013 12:49:54
У объекта "7081-2221 Component 47961" 1 тел(о).

22.11.2013 12:49:54
НГП для данного элемента:
Face 48633
============

22.11.2013 12:49:54
Точка находится на компоненте 
7081-2221


22.11.2013 12:49:54
Координаты точки - [X=142,624829539898,Y=155,065943754406,Z=-40]

22.11.2013 12:49:54
Соединение открыто!

22.11.2013 12:49:54
Запрос прошёл!
select KATALOG_USP from DB_DATA where OBOZN = :elementTitle
-
Parametrs:
elementTitle - 7081-2221
-
Data:
1

22.11.2013 12:49:54
Open - закрытие соединения...

22.11.2013 12:49:54
Успешно!

22.11.2013 12:49:54
Соединение открыто!

22.11.2013 12:49:54
Запрос прошёл!
select * from(select MAX(TO_NUMBER(L) ) from DB_DATA where KATALOG_USP = :cat and D like :dia and GROUP_USP = 5 and NAME = 'Болты  пазовые')where rownum=1
-
Parametrs:
dia - %12%
cat - 1
-
Data:
300

22.11.2013 12:49:54
Open - закрытие соединения...

22.11.2013 12:49:54
Успешно!

22.11.2013 12:49:54
Соединение открыто!

22.11.2013 12:49:54
Запрос прошёл!
select * from(select OBOZN from DB_DATA where KATALOG_USP = 1 and GROUP_USP = 5 and TO_NUMBER(NALICHI)>0  and D like :diametr and TO_NUMBER(L) >= :length and NAME = 'Болты  пазовые' ORDER BY TO_NUMBER(L) )where rownum=1
-
Parametrs:
diametr - %12%
length - 135,5
-
Data:


22.11.2013 12:49:54
Open - закрытие соединения...

22.11.2013 12:49:54
Успешно!

22.11.2013 12:49:54
************************************
System.NullReferenceException: Object reference not set to an instance of an object.
   at SqlOracle1.exist(Object value, String column, String table) in F:\avia\22.11.13\turningBase\SQL\SQL Exist.cs:line 25
   at Katalog2005.Algorithm.SpecialFunctions.LoadPart(String oboznOfUsp, Boolean onlyToDisk) in F:\avia\22.11.13\turningBase\NX\NXFunctionKatalog.cs:line 32
   at SetBoltInSlot.SetBolt(UIBlock block) in F:\avia\22.11.13\turningBase\Dialogs\setBoltInSlot.cs:line 306
   at SetBoltInSlot.update_cb(UIBlock block) in F:\avia\22.11.13\turningBase\Dialogs\setBoltInSlot.cs:line 196

22.11.2013 12:50:23
-------------------------------------------------- Конец работы программы 

22.11.2013 12:51:19
++++++++++++++++++++++++++++++++++++++++++++++++ Начало работы программы 

22.11.2013 12:51:20
Соединение открыто!

22.11.2013 12:51:20
Open - закрытие соединения...

22.11.2013 12:51:20
Успешно!

22.11.2013 12:51:21
Соединение открыто!

22.11.2013 12:51:21
Запрос прошёл!
select HASHFILE from USP_TEMPLATES where NAMEFILE = :name
-
Parametrs:
name - buttons.dlx
-
Data:
0BEDED3E663FB46CAF21A031EE063AF8

22.11.2013 12:51:21
Open - закрытие соединения...

22.11.2013 12:51:21
Успешно!

22.11.2013 12:51:21
~~~~~~~~~~ Запущен диалог Buttons

22.11.2013 12:51:22
Соединение открыто!

22.11.2013 12:51:22
Запрос прошёл!
select HASHFILE from USP_TEMPLATES where NAMEFILE = :name
-
Parametrs:
name - heightSet.dlx
-
Data:
8D0F9D70CB68BF727496A787143B3537

22.11.2013 12:51:22
Open - закрытие соединения...

22.11.2013 12:51:22
Успешно!

22.11.2013 12:51:22
~~~~~~~~~~ Запущен диалог HeightSet

22.11.2013 12:51:25
Активирована кнопка выбора первой грани.

22.11.2013 12:51:28
Активирована кнопка выбора второй грани.

22.11.2013 12:51:28
Расстояние между гранями = 117,5

22.11.2013 12:51:28
Соединение открыто!

22.11.2013 12:51:28
Запрос прошёл!
select * from(select MAX(TO_NUMBER(L) ) from DB_DATA where KATALOG_USP = :cat and D like :dia and GROUP_USP = 5 and NAME = 'Болты  пазовые')where rownum=1
-
Parametrs:
dia - %12%
cat - 1
-
Data:
300

22.11.2013 12:51:28
Open - закрытие соединения...

22.11.2013 12:51:28
Успешно!

22.11.2013 12:51:29
У объекта "7081-2221 Component 47961" 1 тел(о).

22.11.2013 12:51:29
НГП для данного элемента:
Face 48633
============

22.11.2013 12:51:29
Деталь C:\Documents and Settings\591056\Local Settings\Temp\UGH\7033-2114.prt загружена в NX!

22.11.2013 12:51:29
У объекта "ETTINGS_TEMP_UGH_7033-2114.PRT Component 31214" 1 тел(о).

22.11.2013 12:51:29
НГП для данного элемента:
Face 39878
Face 31206
Face 39912
Face 40454
Face 42461
Face 40483
Face 40256
Face 40469
============

22.11.2013 12:51:29
Соединение касанием Face 48433 и Face 40509

22.11.2013 12:51:29
Деталь C:\Documents and Settings\591056\Local Settings\Temp\UGH\7033-2115.prt загружена в NX!

22.11.2013 12:51:29
У объекта "ETTINGS_TEMP_UGH_7033-2115.PRT Component 42227" 1 тел(о).

22.11.2013 12:51:29
НГП для данного элемента:
Face 42197
Face 42027
Face 41995
Face 41893
Face 41903
Face 41908
Face 42078
Face 42015
============

22.11.2013 12:51:29
Соединение касанием Face 42016 и Face 40276

22.11.2013 12:51:29
Координаты точки - [X=23,5,Y=30,Z=-19,5]

22.11.2013 12:51:29
Соединение открыто!

22.11.2013 12:51:29
Запрос прошёл!
select KATALOG_USP from DB_DATA where OBOZN = :elementTitle
-
Parametrs:
elementTitle - 7033-2115
-
Data:
1

22.11.2013 12:51:29
Open - закрытие соединения...

22.11.2013 12:51:29
Успешно!

22.11.2013 12:51:29
Координаты точки - [X=23,5,Y=30,Z=-25,5]

22.11.2013 12:51:29
Соединение открыто!

22.11.2013 12:51:29
Запрос прошёл!
select KATALOG_USP from DB_DATA where OBOZN = :elementTitle
-
Parametrs:
elementTitle - 7033-2114
-
Data:
1

22.11.2013 12:51:29
Open - закрытие соединения...

22.11.2013 12:51:29
Успешно!

22.11.2013 12:51:30
Деталь C:\Documents and Settings\591056\Local Settings\Temp\UGH\7033-2212.prt загружена в NX!

22.11.2013 12:51:30
У объекта "ETTINGS_TEMP_UGH_7033-2212.PRT Component 52769" 1 тел(о).

22.11.2013 12:51:30
НГП для данного элемента:
Face 53020
Face 52896
Face 52903
Face 52786
Face 52850
Face 53039
Face 52902
Face 53030
Face 52904
============

22.11.2013 12:51:30
Соединение касанием Face 52779 и Face 42225

22.11.2013 12:51:30
Координаты точки - [X=-18,Y=36,5,Z=0,499999999999994]

22.11.2013 12:51:30
Соединение открыто!

22.11.2013 12:51:30
Запрос прошёл!
select KATALOG_USP from DB_DATA where OBOZN = :elementTitle
-
Parametrs:
elementTitle - 7033-2212
-
Data:
1

22.11.2013 12:51:30
Open - закрытие соединения...

22.11.2013 12:51:30
Успешно!

22.11.2013 12:51:30
Координаты точки - [X=30,Y=23,5,Z=-5,50000000000001]

22.11.2013 12:51:30
Соединение касанием Face 50012 и Face 52814

22.11.2013 12:51:31
Соединение открыто!

22.11.2013 12:51:31
Запрос прошёл!
select HASHFILE from USP_TEMPLATES where NAMEFILE = :name
-
Parametrs:
name - setBoltInSlot.dlx
-
Data:
B90A9DC63F27742F5759061CE9B6209E

22.11.2013 12:51:31
Open - закрытие соединения...

22.11.2013 12:51:31
Успешно!

22.11.2013 12:51:31
~~~~~~~~~~ Запущен диалог SetBoltInSlot

22.11.2013 12:51:33
Активирована кнопка постановки точки.

22.11.2013 12:51:33
Координаты точки
[X=38,967075033694,Y=173,641107957109,Z=-53]


22.11.2013 12:51:33
У объекта "ETTINGS_TEMP_UGH_7033-2212.PRT Component 52769" 1 тел(о).

22.11.2013 12:51:33
НГП для данного элемента:
Face 53020
Face 52896
Face 52903
Face 52786
Face 52850
Face 53039
Face 52902
Face 53030
Face 52904
============

22.11.2013 12:51:33
У объекта "ETTINGS_TEMP_UGH_7033-2115.PRT Component 42227" 1 тел(о).

22.11.2013 12:51:33
НГП для данного элемента:
Face 42197
Face 42027
Face 41995
Face 41893
Face 41903
Face 41908
Face 42078
Face 42015
============

22.11.2013 12:51:33
У объекта "ETTINGS_TEMP_UGH_7033-2114.PRT Component 31214" 1 тел(о).

22.11.2013 12:51:33
НГП для данного элемента:
Face 39878
Face 31206
Face 39912
Face 40454
Face 42461
Face 40483
Face 40256
Face 40469
============

22.11.2013 12:51:33
У объекта "7050-2201 Component 49877" 1 тел(о).

22.11.2013 12:51:33
НГП для данного элемента:
Face 49988
Face 50004
Face 50010
============

22.11.2013 12:51:33
У объекта "7081-2221 Component 47961" 1 тел(о).

22.11.2013 12:51:33
НГП для данного элемента:
Face 48633
============

22.11.2013 12:51:33
Точка находится на компоненте 
7081-2221


22.11.2013 12:51:33
Координаты точки - [X=38,967075033694,Y=173,641107957109,Z=-53]

22.11.2013 12:51:33
Соединение открыто!

22.11.2013 12:51:33
Запрос прошёл!
select KATALOG_USP from DB_DATA where OBOZN = :elementTitle
-
Parametrs:
elementTitle - 7081-2221
-
Data:
1

22.11.2013 12:51:33
Open - закрытие соединения...

22.11.2013 12:51:33
Успешно!

22.11.2013 12:51:33
Соединение открыто!

22.11.2013 12:51:33
Запрос прошёл!
select * from(select MAX(TO_NUMBER(L) ) from DB_DATA where KATALOG_USP = :cat and D like :dia and GROUP_USP = 5 and NAME = 'Болты  пазовые')where rownum=1
-
Parametrs:
dia - %12%
cat - 1
-
Data:
300

22.11.2013 12:51:33
Open - закрытие соединения...

22.11.2013 12:51:33
Успешно!

22.11.2013 12:51:33
Соединение открыто!

22.11.2013 12:51:33
Запрос прошёл!
select * from(select OBOZN from DB_DATA where KATALOG_USP = 1 and GROUP_USP = 5 and TO_NUMBER(NALICHI)>0  and D like :diametr and TO_NUMBER(L) >= :length and NAME = 'Болты  пазовые' ORDER BY TO_NUMBER(L) )where rownum=1
-
Parametrs:
diametr - %12%
length - 135,5
-
Data:


22.11.2013 12:51:33
Open - закрытие соединения...

22.11.2013 12:51:33
Успешно!

22.11.2013 12:51:33
************************************
System.NullReferenceException: Object reference not set to an instance of an object.
   at SqlOracle1.exist(Object value, String column, String table) in F:\avia\22.11.13\turningBase\SQL\SQL Exist.cs:line 25
   at Katalog2005.Algorithm.SpecialFunctions.LoadPart(String oboznOfUsp, Boolean onlyToDisk) in F:\avia\22.11.13\turningBase\NX\NXFunctionKatalog.cs:line 32
   at SetBoltInSlot.SetBolt(UIBlock block) in F:\avia\22.11.13\turningBase\Dialogs\setBoltInSlot.cs:line 306
   at SetBoltInSlot.update_cb(UIBlock block) in F:\avia\22.11.13\turningBase\Dialogs\setBoltInSlot.cs:line 196

22.11.2013 12:51:55
-------------------------------------------------- Конец работы программы 

22.11.2013 12:52:42
++++++++++++++++++++++++++++++++++++++++++++++++ Начало работы программы 

22.11.2013 12:52:43
Соединение открыто!

22.11.2013 12:52:43
Open - закрытие соединения...

22.11.2013 12:52:43
Успешно!

22.11.2013 12:52:44
Соединение открыто!

22.11.2013 12:52:44
Запрос прошёл!
select HASHFILE from USP_TEMPLATES where NAMEFILE = :name
-
Parametrs:
name - buttons.dlx
-
Data:
0BEDED3E663FB46CAF21A031EE063AF8

22.11.2013 12:52:44
Open - закрытие соединения...

22.11.2013 12:52:44
Успешно!

22.11.2013 12:52:44
~~~~~~~~~~ Запущен диалог Buttons

22.11.2013 12:52:45
Соединение открыто!

22.11.2013 12:52:45
Запрос прошёл!
select HASHFILE from USP_TEMPLATES where NAMEFILE = :name
-
Parametrs:
name - heightSet.dlx
-
Data:
8D0F9D70CB68BF727496A787143B3537

22.11.2013 12:52:45
Open - закрытие соединения...

22.11.2013 12:52:45
Успешно!

22.11.2013 12:52:45
~~~~~~~~~~ Запущен диалог HeightSet

22.11.2013 12:52:47
Активирована кнопка выбора первой грани.

22.11.2013 12:52:50
Активирована кнопка выбора второй грани.

22.11.2013 12:52:50
Расстояние между гранями = 117,5

22.11.2013 12:52:50
Соединение открыто!

22.11.2013 12:52:50
Запрос прошёл!
select * from(select MAX(TO_NUMBER(L) ) from DB_DATA where KATALOG_USP = :cat and D like :dia and GROUP_USP = 5 and NAME = 'Болты  пазовые')where rownum=1
-
Parametrs:
dia - %12%
cat - 1
-
Data:
300

22.11.2013 12:52:50
Open - закрытие соединения...

22.11.2013 12:52:50
Успешно!

22.11.2013 12:52:51
У объекта "7081-2221 Component 47961" 1 тел(о).

22.11.2013 12:52:51
НГП для данного элемента:
Face 48633
============

22.11.2013 12:52:53
Деталь C:\Documents and Settings\591056\Local Settings\Temp\UGH\7033-2114.prt загружена в NX!

22.11.2013 12:52:53
У объекта "ETTINGS_TEMP_UGH_7033-2114.PRT Component 31214" 1 тел(о).

22.11.2013 12:52:53
НГП для данного элемента:
Face 39877
Face 31179
Face 39911
Face 39905
Face 40454
Face 40487
Face 40282
Face 40260
============

22.11.2013 12:52:53
Соединение касанием Face 48433 и Face 40470

22.11.2013 12:52:53
Деталь C:\Documents and Settings\591056\Local Settings\Temp\UGH\7033-2115.prt загружена в NX!

22.11.2013 12:52:53
У объекта "ETTINGS_TEMP_UGH_7033-2115.PRT Component 42227" 1 тел(о).

22.11.2013 12:52:53
НГП для данного элемента:
Face 41984
Face 41914
Face 42026
Face 41889
Face 41894
Face 41866
Face 42008
Face 42020
============

22.11.2013 12:52:53
Соединение касанием Face 42073 и Face 40273

22.11.2013 12:52:53
Координаты точки - [X=23,5,Y=30,Z=-19,5]

22.11.2013 12:52:54
Соединение открыто!

22.11.2013 12:52:54
Запрос прошёл!
select KATALOG_USP from DB_DATA where OBOZN = :elementTitle
-
Parametrs:
elementTitle - 7033-2115
-
Data:
1

22.11.2013 12:52:54
Open - закрытие соединения...

22.11.2013 12:52:54
Успешно!

22.11.2013 12:52:54
Координаты точки - [X=23,5,Y=30,Z=-25,5]

22.11.2013 12:52:54
Соединение открыто!

22.11.2013 12:52:54
Запрос прошёл!
select KATALOG_USP from DB_DATA where OBOZN = :elementTitle
-
Parametrs:
elementTitle - 7033-2114
-
Data:
1

22.11.2013 12:52:54
Open - закрытие соединения...

22.11.2013 12:52:54
Успешно!

22.11.2013 12:52:54
Деталь C:\Documents and Settings\591056\Local Settings\Temp\UGH\7033-2212.prt загружена в NX!

22.11.2013 12:52:54
У объекта "ETTINGS_TEMP_UGH_7033-2212.PRT Component 52769" 1 тел(о).

22.11.2013 12:52:54
НГП для данного элемента:
Face 52941
Face 52838
Face 52996
Face 52906
Face 53039
Face 53040
Face 52833
Face 52951
Face 52837
============

22.11.2013 12:52:55
Соединение касанием Face 39966 и Face 41897

22.11.2013 12:52:55
Координаты точки - [X=-18,Y=36,5,Z=0,499999999999994]

22.11.2013 12:52:55
Соединение открыто!

22.11.2013 12:52:55
Запрос прошёл!
select KATALOG_USP from DB_DATA where OBOZN = :elementTitle
-
Parametrs:
elementTitle - 7033-2212
-
Data:
1

22.11.2013 12:52:55
Open - закрытие соединения...

22.11.2013 12:52:55
Успешно!

22.11.2013 12:52:55
Координаты точки - [X=30,Y=23,5,Z=-5,50000000000001]

22.11.2013 12:52:55
Соединение касанием Face 50012 и Face 52972

22.11.2013 12:52:58
Соединение открыто!

22.11.2013 12:52:58
Запрос прошёл!
select HASHFILE from USP_TEMPLATES where NAMEFILE = :name
-
Parametrs:
name - setBoltInSlot.dlx
-
Data:
B90A9DC63F27742F5759061CE9B6209E

22.11.2013 12:52:58
Open - закрытие соединения...

22.11.2013 12:52:58
Успешно!

22.11.2013 12:52:58
~~~~~~~~~~ Запущен диалог SetBoltInSlot

22.11.2013 12:53:00
Активирована кнопка постановки точки.

22.11.2013 12:53:00
Координаты точки
[X=37,227560291366,Y=113,920476036465,Z=-40]


22.11.2013 12:53:00
У объекта "ETTINGS_TEMP_UGH_7033-2212.PRT Component 52769" 1 тел(о).

22.11.2013 12:53:00
НГП для данного элемента:
Face 52941
Face 52838
Face 52996
Face 52906
Face 53039
Face 53040
Face 52833
Face 52951
Face 52837
============

22.11.2013 12:53:00
У объекта "ETTINGS_TEMP_UGH_7033-2115.PRT Component 42227" 1 тел(о).

22.11.2013 12:53:00
НГП для данного элемента:
Face 41984
Face 41914
Face 42026
Face 41889
Face 41894
Face 41866
Face 42008
Face 42020
============

22.11.2013 12:53:00
У объекта "ETTINGS_TEMP_UGH_7033-2114.PRT Component 31214" 1 тел(о).

22.11.2013 12:53:00
НГП для данного элемента:
Face 39877
Face 31179
Face 39911
Face 39905
Face 40454
Face 40487
Face 40282
Face 40260
============

22.11.2013 12:53:00
У объекта "7050-2201 Component 49877" 1 тел(о).

22.11.2013 12:53:00
НГП для данного элемента:
Face 49988
Face 50004
Face 50010
============

22.11.2013 12:53:00
У объекта "7081-2221 Component 47961" 1 тел(о).

22.11.2013 12:53:00
НГП для данного элемента:
Face 48633
============

22.11.2013 12:53:00
Точка находится на компоненте 
7081-2221


22.11.2013 12:53:00
Координаты точки - [X=37,227560291366,Y=113,920476036465,Z=-40]

22.11.2013 12:53:00
Соединение открыто!

22.11.2013 12:53:00
Запрос прошёл!
select KATALOG_USP from DB_DATA where OBOZN = :elementTitle
-
Parametrs:
elementTitle - 7081-2221
-
Data:
1

22.11.2013 12:53:00
Open - закрытие соединения...

22.11.2013 12:53:00
Успешно!

22.11.2013 12:53:00
Соединение открыто!

22.11.2013 12:53:00
Запрос прошёл!
select * from(select MAX(TO_NUMBER(L) ) from DB_DATA where KATALOG_USP = :cat and D like :dia and GROUP_USP = 5 and NAME = 'Болты  пазовые')where rownum=1
-
Parametrs:
dia - %12%
cat - 1
-
Data:
300

22.11.2013 12:53:00
Open - закрытие соединения...

22.11.2013 12:53:00
Успешно!

22.11.2013 12:53:00
Соединение открыто!

22.11.2013 12:53:00
Запрос прошёл!
select * from(select OBOZN from DB_DATA where KATALOG_USP = 1 and GROUP_USP = 5 and TO_NUMBER(NALICHI)>0  and D like :diametr and TO_NUMBER(L) >= :length and NAME = 'Болты  пазовые' ORDER BY TO_NUMBER(L) )where rownum=1
-
Parametrs:
diametr - %12%
length - 135,5
-
Data:


22.11.2013 12:53:00
Open - закрытие соединения...

22.11.2013 12:53:00
Успешно!

22.11.2013 12:53:08
************************************
System.NullReferenceException: Object reference not set to an instance of an object.
   at SqlOracle1.exist(Object value, String column, String table) in F:\avia\22.11.13\turningBase\SQL\SQL Exist.cs:line 25
   at Katalog2005.Algorithm.SpecialFunctions.LoadPart(String oboznOfUsp, Boolean onlyToDisk) in F:\avia\22.11.13\turningBase\NX\NXFunctionKatalog.cs:line 33
   at SetBoltInSlot.SetBolt(UIBlock block) in F:\avia\22.11.13\turningBase\Dialogs\setBoltInSlot.cs:line 306
   at SetBoltInSlot.update_cb(UIBlock block) in F:\avia\22.11.13\turningBase\Dialogs\setBoltInSlot.cs:line 196

22.11.2013 12:53:13
-------------------------------------------------- Конец работы программы 

22.11.2013 12:53:48
++++++++++++++++++++++++++++++++++++++++++++++++ Начало работы программы 

22.11.2013 12:53:49
Соединение открыто!

22.11.2013 12:53:49
Open - закрытие соединения...

22.11.2013 12:53:49
Успешно!

22.11.2013 12:53:50
Соединение открыто!

22.11.2013 12:53:50
Запрос прошёл!
select HASHFILE from USP_TEMPLATES where NAMEFILE = :name
-
Parametrs:
name - buttons.dlx
-
Data:
0BEDED3E663FB46CAF21A031EE063AF8

22.11.2013 12:53:50
Open - закрытие соединения...

22.11.2013 12:53:50
Успешно!

22.11.2013 12:53:50
~~~~~~~~~~ Запущен диалог Buttons

22.11.2013 12:53:52
Соединение открыто!

22.11.2013 12:53:52
Запрос прошёл!
select HASHFILE from USP_TEMPLATES where NAMEFILE = :name
-
Parametrs:
name - heightSet.dlx
-
Data:
8D0F9D70CB68BF727496A787143B3537

22.11.2013 12:53:52
Open - закрытие соединения...

22.11.2013 12:53:52
Успешно!

22.11.2013 12:53:52
~~~~~~~~~~ Запущен диалог HeightSet

22.11.2013 12:53:55
Активирована кнопка выбора первой грани.

22.11.2013 12:53:57
Активирована кнопка выбора второй грани.

22.11.2013 12:53:57
Расстояние между гранями = 117,5

22.11.2013 12:53:57
Соединение открыто!

22.11.2013 12:53:57
Запрос прошёл!
select * from(select MAX(TO_NUMBER(L) ) from DB_DATA where KATALOG_USP = :cat and D like :dia and GROUP_USP = 5 and NAME = 'Болты  пазовые')where rownum=1
-
Parametrs:
dia - %12%
cat - 1
-
Data:
300

22.11.2013 12:53:57
Open - закрытие соединения...

22.11.2013 12:53:57
Успешно!

22.11.2013 12:53:58
У объекта "7081-2221 Component 47961" 1 тел(о).

22.11.2013 12:53:58
НГП для данного элемента:
Face 48633
============

22.11.2013 12:53:59
Деталь C:\Documents and Settings\591056\Local Settings\Temp\UGH\7033-2114.prt загружена в NX!

22.11.2013 12:53:59
У объекта "ETTINGS_TEMP_UGH_7033-2114.PRT Component 31214" 1 тел(о).

22.11.2013 12:53:59
НГП для данного элемента:
Face 39877
Face 31179
Face 39911
Face 39905
Face 40454
Face 40487
Face 40282
Face 40260
============

22.11.2013 12:53:59
Соединение касанием Face 48124 и Face 40470

22.11.2013 12:54:00
Деталь C:\Documents and Settings\591056\Local Settings\Temp\UGH\7033-2115.prt загружена в NX!

22.11.2013 12:54:00
У объекта "ETTINGS_TEMP_UGH_7033-2115.PRT Component 42227" 1 тел(о).

22.11.2013 12:54:00
НГП для данного элемента:
Face 41984
Face 41914
Face 42026
Face 41889
Face 41894
Face 41866
Face 42008
Face 42020
============

22.11.2013 12:54:00
Соединение касанием Face 42073 и Face 40273

22.11.2013 12:54:00
Координаты точки - [X=23,5,Y=30,Z=-19,5]

22.11.2013 12:54:00
Соединение открыто!

22.11.2013 12:54:00
Запрос прошёл!
select KATALOG_USP from DB_DATA where OBOZN = :elementTitle
-
Parametrs:
elementTitle - 7033-2115
-
Data:
1

22.11.2013 12:54:00
Open - закрытие соединения...

22.11.2013 12:54:00
Успешно!

22.11.2013 12:54:00
Координаты точки - [X=23,5,Y=30,Z=-25,5]

22.11.2013 12:54:00
Соединение открыто!

22.11.2013 12:54:00
Запрос прошёл!
select KATALOG_USP from DB_DATA where OBOZN = :elementTitle
-
Parametrs:
elementTitle - 7033-2114
-
Data:
1

22.11.2013 12:54:00
Open - закрытие соединения...

22.11.2013 12:54:00
Успешно!

22.11.2013 12:54:01
Деталь C:\Documents and Settings\591056\Local Settings\Temp\UGH\7033-2212.prt загружена в NX!

22.11.2013 12:54:01
У объекта "ETTINGS_TEMP_UGH_7033-2212.PRT Component 52769" 1 тел(о).

22.11.2013 12:54:01
НГП для данного элемента:
Face 52941
Face 52838
Face 52996
Face 52906
Face 53039
Face 53040
Face 52833
Face 52951
Face 52837
============

22.11.2013 12:54:01
Соединение касанием Face 39966 и Face 41897

22.11.2013 12:54:01
Координаты точки - [X=-18,Y=36,5,Z=0,499999999999994]

22.11.2013 12:54:01
Соединение открыто!

22.11.2013 12:54:01
Запрос прошёл!
select KATALOG_USP from DB_DATA where OBOZN = :elementTitle
-
Parametrs:
elementTitle - 7033-2212
-
Data:
1

22.11.2013 12:54:01
Open - закрытие соединения...

22.11.2013 12:54:01
Успешно!

22.11.2013 12:54:01
Координаты точки - [X=30,Y=23,5,Z=-5,50000000000001]

22.11.2013 12:54:01
Соединение касанием Face 50012 и Face 52972

22.11.2013 12:54:05
Соединение открыто!

22.11.2013 12:54:05
Запрос прошёл!
select HASHFILE from USP_TEMPLATES where NAMEFILE = :name
-
Parametrs:
name - setBoltInSlot.dlx
-
Data:
B90A9DC63F27742F5759061CE9B6209E

22.11.2013 12:54:05
Open - закрытие соединения...

22.11.2013 12:54:05
Успешно!

22.11.2013 12:54:05
~~~~~~~~~~ Запущен диалог SetBoltInSlot

22.11.2013 12:54:07
Активирована кнопка постановки точки.

22.11.2013 12:54:07
Координаты точки
[X=112,106492606139,Y=121,292866653709,Z=-53]


22.11.2013 12:54:07
У объекта "ETTINGS_TEMP_UGH_7033-2212.PRT Component 52769" 1 тел(о).

22.11.2013 12:54:07
НГП для данного элемента:
Face 52941
Face 52838
Face 52996
Face 52906
Face 53039
Face 53040
Face 52833
Face 52951
Face 52837
============

22.11.2013 12:54:07
У объекта "ETTINGS_TEMP_UGH_7033-2115.PRT Component 42227" 1 тел(о).

22.11.2013 12:54:07
НГП для данного элемента:
Face 41984
Face 41914
Face 42026
Face 41889
Face 41894
Face 41866
Face 42008
Face 42020
============

22.11.2013 12:54:07
У объекта "ETTINGS_TEMP_UGH_7033-2114.PRT Component 31214" 1 тел(о).

22.11.2013 12:54:07
НГП для данного элемента:
Face 39877
Face 31179
Face 39911
Face 39905
Face 40454
Face 40487
Face 40282
Face 40260
============

22.11.2013 12:54:07
У объекта "7050-2201 Component 49877" 1 тел(о).

22.11.2013 12:54:07
НГП для данного элемента:
Face 49988
Face 50004
Face 50010
============

22.11.2013 12:54:07
У объекта "7081-2221 Component 47961" 1 тел(о).

22.11.2013 12:54:07
НГП для данного элемента:
Face 48633
============

22.11.2013 12:54:07
Точка находится на компоненте 
7081-2221


22.11.2013 12:54:07
Координаты точки - [X=112,106492606139,Y=121,292866653709,Z=-53]

22.11.2013 12:54:07
Соединение открыто!

22.11.2013 12:54:07
Запрос прошёл!
select KATALOG_USP from DB_DATA where OBOZN = :elementTitle
-
Parametrs:
elementTitle - 7081-2221
-
Data:
1

22.11.2013 12:54:07
Open - закрытие соединения...

22.11.2013 12:54:07
Успешно!

22.11.2013 12:54:07
Соединение открыто!

22.11.2013 12:54:07
Запрос прошёл!
select * from(select MAX(TO_NUMBER(L) ) from DB_DATA where KATALOG_USP = :cat and D like :dia and GROUP_USP = 5 and NAME = 'Болты  пазовые')where rownum=1
-
Parametrs:
dia - %12%
cat - 1
-
Data:
300

22.11.2013 12:54:07
Open - закрытие соединения...

22.11.2013 12:54:07
Успешно!

22.11.2013 12:54:07
Соединение открыто!

22.11.2013 12:54:07
Запрос прошёл!
select * from(select OBOZN from DB_DATA where KATALOG_USP = 1 and GROUP_USP = 5 and TO_NUMBER(NALICHI)>0  and D like :diametr and TO_NUMBER(L) >= :length and NAME = 'Болты  пазовые' ORDER BY TO_NUMBER(L) )where rownum=1
-
Parametrs:
diametr - %12%
length - 135,5
-
Data:


22.11.2013 12:54:07
Open - закрытие соединения...

22.11.2013 12:54:07
Успешно!

22.11.2013 12:54:08
************************************
System.NullReferenceException: Object reference not set to an instance of an object.
   at SqlOracle1.exist(Object value, String column, String table) in F:\avia\22.11.13\turningBase\SQL\SQL Exist.cs:line 25
   at Katalog2005.Algorithm.SpecialFunctions.LoadPart(String oboznOfUsp, Boolean onlyToDisk) in F:\avia\22.11.13\turningBase\NX\NXFunctionKatalog.cs:line 34
   at SetBoltInSlot.SetBolt(UIBlock block) in F:\avia\22.11.13\turningBase\Dialogs\setBoltInSlot.cs:line 306
   at SetBoltInSlot.update_cb(UIBlock block) in F:\avia\22.11.13\turningBase\Dialogs\setBoltInSlot.cs:line 196

22.11.2013 12:54:15
-------------------------------------------------- Конец работы программы 

22.11.2013 12:56:23
++++++++++++++++++++++++++++++++++++++++++++++++ Начало работы программы 

22.11.2013 12:56:24
Соединение открыто!

22.11.2013 12:56:24
Open - закрытие соединения...

22.11.2013 12:56:24
Успешно!

22.11.2013 12:56:25
Соединение открыто!

22.11.2013 12:56:25
Запрос прошёл!
select HASHFILE from USP_TEMPLATES where NAMEFILE = :name
-
Parametrs:
name - buttons.dlx
-
Data:
0BEDED3E663FB46CAF21A031EE063AF8

22.11.2013 12:56:25
Open - закрытие соединения...

22.11.2013 12:56:25
Успешно!

22.11.2013 12:56:25
~~~~~~~~~~ Запущен диалог Buttons

22.11.2013 12:56:30
Соединение открыто!

22.11.2013 12:56:30
Запрос прошёл!
select HASHFILE from USP_TEMPLATES where NAMEFILE = :name
-
Parametrs:
name - heightSet.dlx
-
Data:
8D0F9D70CB68BF727496A787143B3537

22.11.2013 12:56:30
Open - закрытие соединения...

22.11.2013 12:56:30
Успешно!

22.11.2013 12:56:30
~~~~~~~~~~ Запущен диалог HeightSet

22.11.2013 12:56:34
Активирована кнопка выбора первой грани.

22.11.2013 12:56:37
Активирована кнопка выбора второй грани.

22.11.2013 12:56:37
Расстояние между гранями = 117,5

22.11.2013 12:56:37
Соединение открыто!

22.11.2013 12:56:37
Запрос прошёл!
select * from(select MAX(TO_NUMBER(L) ) from DB_DATA where KATALOG_USP = :cat and D like :dia and GROUP_USP = 5 and NAME = 'Болты  пазовые')where rownum=1
-
Parametrs:
dia - %12%
cat - 1
-
Data:
300

22.11.2013 12:56:37
Open - закрытие соединения...

22.11.2013 12:56:37
Успешно!

22.11.2013 12:56:38
У объекта "7081-2221 Component 47961" 1 тел(о).

22.11.2013 12:56:38
НГП для данного элемента:
Face 48633
============

22.11.2013 12:56:39
Деталь C:\Documents and Settings\591056\Local Settings\Temp\UGH\7033-2114.prt загружена в NX!

22.11.2013 12:56:39
У объекта "ETTINGS_TEMP_UGH_7033-2114.PRT Component 31214" 1 тел(о).

22.11.2013 12:56:39
НГП для данного элемента:
Face 39877
Face 31179
Face 39911
Face 39905
Face 40454
Face 40487
Face 40282
Face 40260
============

22.11.2013 12:56:39
Соединение касанием Face 48433 и Face 40470

22.11.2013 12:56:39
Деталь C:\Documents and Settings\591056\Local Settings\Temp\UGH\7033-2115.prt загружена в NX!

22.11.2013 12:56:39
У объекта "ETTINGS_TEMP_UGH_7033-2115.PRT Component 42227" 1 тел(о).

22.11.2013 12:56:39
НГП для данного элемента:
Face 41984
Face 41914
Face 42026
Face 41889
Face 41894
Face 41866
Face 42008
Face 42020
============

22.11.2013 12:56:40
Соединение касанием Face 42073 и Face 40273

22.11.2013 12:56:40
Координаты точки - [X=23,5,Y=30,Z=-19,5]

22.11.2013 12:56:40
Соединение открыто!

22.11.2013 12:56:40
Запрос прошёл!
select KATALOG_USP from DB_DATA where OBOZN = :elementTitle
-
Parametrs:
elementTitle - 7033-2115
-
Data:
1

22.11.2013 12:56:40
Open - закрытие соединения...

22.11.2013 12:56:40
Успешно!

22.11.2013 12:56:40
Координаты точки - [X=23,5,Y=30,Z=-25,5]

22.11.2013 12:56:40
Соединение открыто!

22.11.2013 12:56:40
Запрос прошёл!
select KATALOG_USP from DB_DATA where OBOZN = :elementTitle
-
Parametrs:
elementTitle - 7033-2114
-
Data:
1

22.11.2013 12:56:40
Open - закрытие соединения...

22.11.2013 12:56:40
Успешно!

22.11.2013 12:56:41
Деталь C:\Documents and Settings\591056\Local Settings\Temp\UGH\7033-2212.prt загружена в NX!

22.11.2013 12:56:41
У объекта "ETTINGS_TEMP_UGH_7033-2212.PRT Component 52769" 1 тел(о).

22.11.2013 12:56:41
НГП для данного элемента:
Face 52941
Face 52838
Face 52996
Face 52906
Face 53039
Face 53040
Face 52833
Face 52951
Face 52837
============

22.11.2013 12:56:41
Соединение касанием Face 39966 и Face 41897

22.11.2013 12:56:41
Координаты точки - [X=-18,Y=36,5,Z=0,499999999999994]

22.11.2013 12:56:41
Соединение открыто!

22.11.2013 12:56:41
Запрос прошёл!
select KATALOG_USP from DB_DATA where OBOZN = :elementTitle
-
Parametrs:
elementTitle - 7033-2212
-
Data:
1

22.11.2013 12:56:41
Open - закрытие соединения...

22.11.2013 12:56:41
Успешно!

22.11.2013 12:56:41
Координаты точки - [X=30,Y=23,5,Z=-5,50000000000001]

22.11.2013 12:56:42
Соединение касанием Face 50012 и Face 52972

22.11.2013 12:56:45
Соединение открыто!

22.11.2013 12:56:45
Запрос прошёл!
select HASHFILE from USP_TEMPLATES where NAMEFILE = :name
-
Parametrs:
name - setBoltInSlot.dlx
-
Data:
B90A9DC63F27742F5759061CE9B6209E

22.11.2013 12:56:45
Open - закрытие соединения...

22.11.2013 12:56:45
Успешно!

22.11.2013 12:56:45
~~~~~~~~~~ Запущен диалог SetBoltInSlot

22.11.2013 12:56:47
Активирована кнопка постановки точки.

22.11.2013 12:56:47
Координаты точки
[X=141,Y=209,210063753573,Z=-40,005925373626]


22.11.2013 12:56:47
У объекта "ETTINGS_TEMP_UGH_7033-2212.PRT Component 52769" 1 тел(о).

22.11.2013 12:56:47
НГП для данного элемента:
Face 52941
Face 52838
Face 52996
Face 52906
Face 53039
Face 53040
Face 52833
Face 52951
Face 52837
============

22.11.2013 12:56:47
У объекта "ETTINGS_TEMP_UGH_7033-2115.PRT Component 42227" 1 тел(о).

22.11.2013 12:56:47
НГП для данного элемента:
Face 41984
Face 41914
Face 42026
Face 41889
Face 41894
Face 41866
Face 42008
Face 42020
============

22.11.2013 12:56:47
У объекта "ETTINGS_TEMP_UGH_7033-2114.PRT Component 31214" 1 тел(о).

22.11.2013 12:56:47
НГП для данного элемента:
Face 39877
Face 31179
Face 39911
Face 39905
Face 40454
Face 40487
Face 40282
Face 40260
============

22.11.2013 12:56:47
У объекта "7050-2201 Component 49877" 1 тел(о).

22.11.2013 12:56:47
НГП для данного элемента:
Face 49988
Face 50004
Face 50010
============

22.11.2013 12:56:47
У объекта "7081-2221 Component 47961" 1 тел(о).

22.11.2013 12:56:47
НГП для данного элемента:
Face 48633
============

22.11.2013 12:56:47
Точка находится на компоненте 
7081-2221


22.11.2013 12:56:47
Координаты точки - [X=141,Y=209,210063753573,Z=-40,005925373626]

22.11.2013 12:56:47
Соединение открыто!

22.11.2013 12:56:47
Запрос прошёл!
select KATALOG_USP from DB_DATA where OBOZN = :elementTitle
-
Parametrs:
elementTitle - 7081-2221
-
Data:
1

22.11.2013 12:56:47
Open - закрытие соединения...

22.11.2013 12:56:47
Успешно!

22.11.2013 12:56:47
Соединение открыто!

22.11.2013 12:56:47
Запрос прошёл!
select * from(select MAX(TO_NUMBER(L) ) from DB_DATA where KATALOG_USP = :cat and D like :dia and GROUP_USP = 5 and NAME = 'Болты  пазовые')where rownum=1
-
Parametrs:
dia - %12%
cat - 1
-
Data:
300

22.11.2013 12:56:47
Open - закрытие соединения...

22.11.2013 12:56:47
Успешно!

22.11.2013 12:56:47
Соединение открыто!

22.11.2013 12:56:47
Запрос прошёл!
select * from(select OBOZN from DB_DATA where KATALOG_USP = 1 and GROUP_USP = 5 and TO_NUMBER(NALICHI)>0  and D like :diametr and TO_NUMBER(L) >= :length and NAME = 'Болты  пазовые' ORDER BY TO_NUMBER(L) )where rownum=1
-
Parametrs:
diametr - %12%
length - 135,5
-
Data:


22.11.2013 12:56:47
Open - закрытие соединения...

22.11.2013 12:56:47
Успешно!

22.11.2013 12:56:49
************************************
System.NullReferenceException: Object reference not set to an instance of an object.
   at SqlOracle1.exist(Object value, String column, String table) in F:\avia\22.11.13\turningBase\SQL\SQL Exist.cs:line 25
   at Katalog2005.Algorithm.SpecialFunctions.LoadPart(String oboznOfUsp, Boolean onlyToDisk) in F:\avia\22.11.13\turningBase\NX\NXFunctionKatalog.cs:line 34
   at SetBoltInSlot.SetBolt(UIBlock block) in F:\avia\22.11.13\turningBase\Dialogs\setBoltInSlot.cs:line 306
   at SetBoltInSlot.update_cb(UIBlock block) in F:\avia\22.11.13\turningBase\Dialogs\setBoltInSlot.cs:line 196

22.11.2013 12:56:55
-------------------------------------------------- Конец работы программы 

22.11.2013 12:58:03
++++++++++++++++++++++++++++++++++++++++++++++++ Начало работы программы 

22.11.2013 12:58:04
Соединение открыто!

22.11.2013 12:58:04
Open - закрытие соединения...

22.11.2013 12:58:04
Успешно!

22.11.2013 12:58:05
Соединение открыто!

22.11.2013 12:58:05
Запрос прошёл!
select HASHFILE from USP_TEMPLATES where NAMEFILE = :name
-
Parametrs:
name - buttons.dlx
-
Data:
0BEDED3E663FB46CAF21A031EE063AF8

22.11.2013 12:58:05
Open - закрытие соединения...

22.11.2013 12:58:05
Успешно!

22.11.2013 12:58:05
~~~~~~~~~~ Запущен диалог Buttons

22.11.2013 12:58:07
Соединение открыто!

22.11.2013 12:58:07
Запрос прошёл!
select HASHFILE from USP_TEMPLATES where NAMEFILE = :name
-
Parametrs:
name - heightSet.dlx
-
Data:
8D0F9D70CB68BF727496A787143B3537

22.11.2013 12:58:07
Open - закрытие соединения...

22.11.2013 12:58:07
Успешно!

22.11.2013 12:58:07
~~~~~~~~~~ Запущен диалог HeightSet

22.11.2013 12:58:10
Активирована кнопка выбора первой грани.

22.11.2013 12:58:15
Активирована кнопка выбора второй грани.

22.11.2013 12:58:15
Расстояние между гранями = 117,5

22.11.2013 12:58:15
Соединение открыто!

22.11.2013 12:58:15
Запрос прошёл!
select * from(select MAX(TO_NUMBER(L) ) from DB_DATA where KATALOG_USP = :cat and D like :dia and GROUP_USP = 5 and NAME = 'Болты  пазовые')where rownum=1
-
Parametrs:
dia - %12%
cat - 1
-
Data:
300

22.11.2013 12:58:15
Open - закрытие соединения...

22.11.2013 12:58:15
Успешно!

22.11.2013 12:58:15
У объекта "7081-2221 Component 47961" 1 тел(о).

22.11.2013 12:58:15
НГП для данного элемента:
Face 48633
============

22.11.2013 12:58:17
Деталь C:\Documents and Settings\591056\Local Settings\Temp\UGH\7033-2114.prt загружена в NX!

22.11.2013 12:58:17
У объекта "ETTINGS_TEMP_UGH_7033-2114.PRT Component 31214" 1 тел(о).

22.11.2013 12:58:17
НГП для данного элемента:
Face 39877
Face 31179
Face 39911
Face 39905
Face 40454
Face 40487
Face 40282
Face 40260
============

22.11.2013 12:58:17
Соединение касанием Face 48433 и Face 40470

22.11.2013 12:58:17
Деталь C:\Documents and Settings\591056\Local Settings\Temp\UGH\7033-2115.prt загружена в NX!

22.11.2013 12:58:17
У объекта "ETTINGS_TEMP_UGH_7033-2115.PRT Component 42227" 1 тел(о).

22.11.2013 12:58:17
НГП для данного элемента:
Face 41984
Face 41914
Face 42026
Face 41889
Face 41894
Face 41866
Face 42008
Face 42020
============

22.11.2013 12:58:18
Соединение касанием Face 42073 и Face 40273

22.11.2013 12:58:18
Координаты точки - [X=23,5,Y=30,Z=-19,5]

22.11.2013 12:58:18
Соединение открыто!

22.11.2013 12:58:18
Запрос прошёл!
select KATALOG_USP from DB_DATA where OBOZN = :elementTitle
-
Parametrs:
elementTitle - 7033-2115
-
Data:
1

22.11.2013 12:58:18
Open - закрытие соединения...

22.11.2013 12:58:18
Успешно!

22.11.2013 12:58:18
Координаты точки - [X=23,5,Y=30,Z=-25,5]

22.11.2013 12:58:18
Соединение открыто!

22.11.2013 12:58:18
Запрос прошёл!
select KATALOG_USP from DB_DATA where OBOZN = :elementTitle
-
Parametrs:
elementTitle - 7033-2114
-
Data:
1

22.11.2013 12:58:18
Open - закрытие соединения...

22.11.2013 12:58:18
Успешно!

22.11.2013 12:58:18
Деталь C:\Documents and Settings\591056\Local Settings\Temp\UGH\7033-2212.prt загружена в NX!

22.11.2013 12:58:18
У объекта "ETTINGS_TEMP_UGH_7033-2212.PRT Component 52769" 1 тел(о).

22.11.2013 12:58:18
НГП для данного элемента:
Face 52941
Face 52838
Face 52996
Face 52906
Face 53039
Face 53040
Face 52833
Face 52951
Face 52837
============

22.11.2013 12:58:19
Соединение касанием Face 39966 и Face 41897

22.11.2013 12:58:19
Координаты точки - [X=-18,Y=36,5,Z=0,499999999999994]

22.11.2013 12:58:19
Соединение открыто!

22.11.2013 12:58:19
Запрос прошёл!
select KATALOG_USP from DB_DATA where OBOZN = :elementTitle
-
Parametrs:
elementTitle - 7033-2212
-
Data:
1

22.11.2013 12:58:19
Open - закрытие соединения...

22.11.2013 12:58:19
Успешно!

22.11.2013 12:58:19
Координаты точки - [X=30,Y=23,5,Z=-5,50000000000001]

22.11.2013 12:58:19
Соединение касанием Face 50012 и Face 52972

22.11.2013 12:58:23
Соединение открыто!

22.11.2013 12:58:23
Запрос прошёл!
select HASHFILE from USP_TEMPLATES where NAMEFILE = :name
-
Parametrs:
name - setBoltInSlot.dlx
-
Data:
B90A9DC63F27742F5759061CE9B6209E

22.11.2013 12:58:23
Open - закрытие соединения...

22.11.2013 12:58:23
Успешно!

22.11.2013 12:58:23
~~~~~~~~~~ Запущен диалог SetBoltInSlot

22.11.2013 12:58:24
Активирована кнопка постановки точки.

22.11.2013 12:58:24
Координаты точки
[X=29,2862564602563,Y=249,290093614665,Z=-40]


22.11.2013 12:58:24
У объекта "ETTINGS_TEMP_UGH_7033-2212.PRT Component 52769" 1 тел(о).

22.11.2013 12:58:24
НГП для данного элемента:
Face 52941
Face 52838
Face 52996
Face 52906
Face 53039
Face 53040
Face 52833
Face 52951
Face 52837
============

22.11.2013 12:58:24
У объекта "ETTINGS_TEMP_UGH_7033-2115.PRT Component 42227" 1 тел(о).

22.11.2013 12:58:24
НГП для данного элемента:
Face 41984
Face 41914
Face 42026
Face 41889
Face 41894
Face 41866
Face 42008
Face 42020
============

22.11.2013 12:58:24
У объекта "ETTINGS_TEMP_UGH_7033-2114.PRT Component 31214" 1 тел(о).

22.11.2013 12:58:24
НГП для данного элемента:
Face 39877
Face 31179
Face 39911
Face 39905
Face 40454
Face 40487
Face 40282
Face 40260
============

22.11.2013 12:58:24
У объекта "7050-2201 Component 49877" 1 тел(о).

22.11.2013 12:58:24
НГП для данного элемента:
Face 49988
Face 50004
Face 50010
============

22.11.2013 12:58:25
У объекта "7081-2221 Component 47961" 1 тел(о).

22.11.2013 12:58:25
НГП для данного элемента:
Face 48633
============

22.11.2013 12:58:25
Точка находится на компоненте 
7081-2221


22.11.2013 12:58:25
Координаты точки - [X=29,2862564602563,Y=249,290093614665,Z=-40]

22.11.2013 12:58:25
Соединение открыто!

22.11.2013 12:58:25
Запрос прошёл!
select KATALOG_USP from DB_DATA where OBOZN = :elementTitle
-
Parametrs:
elementTitle - 7081-2221
-
Data:
1

22.11.2013 12:58:25
Open - закрытие соединения...

22.11.2013 12:58:25
Успешно!

22.11.2013 12:58:25
Соединение открыто!

22.11.2013 12:58:25
Запрос прошёл!
select * from(select MAX(TO_NUMBER(L) ) from DB_DATA where KATALOG_USP = :cat and D like :dia and GROUP_USP = 5 and NAME = 'Болты  пазовые')where rownum=1
-
Parametrs:
dia - %12%
cat - 1
-
Data:
300

22.11.2013 12:58:25
Open - закрытие соединения...

22.11.2013 12:58:25
Успешно!

22.11.2013 12:58:25
Соединение открыто!

22.11.2013 12:58:25
Запрос прошёл!
select * from(select OBOZN from DB_DATA where KATALOG_USP = 1 and GROUP_USP = 5 and TO_NUMBER(NALICHI)>0  and D like :diametr and TO_NUMBER(L) >= :length and NAME = 'Болты  пазовые' ORDER BY TO_NUMBER(L) )where rownum=1
-
Parametrs:
diametr - %12%
length - 135,5
-
Data:


22.11.2013 12:58:25
Open - закрытие соединения...

22.11.2013 12:58:25
Успешно!

22.11.2013 12:58:26
************************************
System.NullReferenceException: Object reference not set to an instance of an object.
   at SqlOracle1.exist(Object value, String column, String table) in F:\avia\22.11.13\turningBase\SQL\SQL Exist.cs:line 25
   at Katalog2005.Algorithm.SpecialFunctions.LoadPart(String oboznOfUsp, Boolean onlyToDisk) in F:\avia\22.11.13\turningBase\NX\NXFunctionKatalog.cs:line 34
   at SetBoltInSlot.SetBolt(UIBlock block) in F:\avia\22.11.13\turningBase\Dialogs\setBoltInSlot.cs:line 306
   at SetBoltInSlot.update_cb(UIBlock block) in F:\avia\22.11.13\turningBase\Dialogs\setBoltInSlot.cs:line 196

22.11.2013 12:58:36
-------------------------------------------------- Конец работы программы 

22.11.2013 12:59:14
++++++++++++++++++++++++++++++++++++++++++++++++ Начало работы программы 

22.11.2013 12:59:15
Соединение открыто!

22.11.2013 12:59:15
Open - закрытие соединения...

22.11.2013 12:59:15
Успешно!

22.11.2013 12:59:16
Соединение открыто!

22.11.2013 12:59:16
Запрос прошёл!
select HASHFILE from USP_TEMPLATES where NAMEFILE = :name
-
Parametrs:
name - buttons.dlx
-
Data:
0BEDED3E663FB46CAF21A031EE063AF8

22.11.2013 12:59:16
Open - закрытие соединения...

22.11.2013 12:59:16
Успешно!

22.11.2013 12:59:16
~~~~~~~~~~ Запущен диалог Buttons

22.11.2013 12:59:20
Соединение открыто!

22.11.2013 12:59:20
Запрос прошёл!
select HASHFILE from USP_TEMPLATES where NAMEFILE = :name
-
Parametrs:
name - heightSet.dlx
-
Data:
8D0F9D70CB68BF727496A787143B3537

22.11.2013 12:59:20
Open - закрытие соединения...

22.11.2013 12:59:20
Успешно!

22.11.2013 12:59:20
~~~~~~~~~~ Запущен диалог HeightSet

22.11.2013 12:59:25
Активирована кнопка выбора первой грани.

22.11.2013 12:59:28
Активирована кнопка выбора второй грани.

22.11.2013 12:59:29
Расстояние между гранями = 117,5

22.11.2013 12:59:29
Соединение открыто!

22.11.2013 12:59:29
Запрос прошёл!
select * from(select MAX(TO_NUMBER(L) ) from DB_DATA where KATALOG_USP = :cat and D like :dia and GROUP_USP = 5 and NAME = 'Болты  пазовые')where rownum=1
-
Parametrs:
dia - %12%
cat - 1
-
Data:
300

22.11.2013 12:59:29
Open - закрытие соединения...

22.11.2013 12:59:29
Успешно!

22.11.2013 12:59:29
У объекта "7081-2221 Component 47961" 1 тел(о).

22.11.2013 12:59:29
НГП для данного элемента:
Face 48633
============

22.11.2013 12:59:31
Деталь C:\Documents and Settings\591056\Local Settings\Temp\UGH\7033-2114.prt загружена в NX!

22.11.2013 12:59:31
У объекта "ETTINGS_TEMP_UGH_7033-2114.PRT Component 31214" 1 тел(о).

22.11.2013 12:59:31
НГП для данного элемента:
Face 39877
Face 31179
Face 39911
Face 39905
Face 40454
Face 40487
Face 40282
Face 40260
============

22.11.2013 12:59:31
Соединение касанием Face 48433 и Face 40470

22.11.2013 12:59:31
Деталь C:\Documents and Settings\591056\Local Settings\Temp\UGH\7033-2115.prt загружена в NX!

22.11.2013 12:59:31
У объекта "ETTINGS_TEMP_UGH_7033-2115.PRT Component 42227" 1 тел(о).

22.11.2013 12:59:31
НГП для данного элемента:
Face 41984
Face 41914
Face 42026
Face 41889
Face 41894
Face 41866
Face 42008
Face 42020
============

22.11.2013 12:59:31
Соединение касанием Face 42073 и Face 40273

22.11.2013 12:59:31
Координаты точки - [X=23,5,Y=30,Z=-19,5]

22.11.2013 12:59:31
Соединение открыто!

22.11.2013 12:59:31
Запрос прошёл!
select KATALOG_USP from DB_DATA where OBOZN = :elementTitle
-
Parametrs:
elementTitle - 7033-2115
-
Data:
1

22.11.2013 12:59:31
Open - закрытие соединения...

22.11.2013 12:59:31
Успешно!

22.11.2013 12:59:31
Координаты точки - [X=23,5,Y=30,Z=-25,5]

22.11.2013 12:59:31
Соединение открыто!

22.11.2013 12:59:31
Запрос прошёл!
select KATALOG_USP from DB_DATA where OBOZN = :elementTitle
-
Parametrs:
elementTitle - 7033-2114
-
Data:
1

22.11.2013 12:59:31
Open - закрытие соединения...

22.11.2013 12:59:31
Успешно!

22.11.2013 12:59:32
Деталь C:\Documents and Settings\591056\Local Settings\Temp\UGH\7033-2212.prt загружена в NX!

22.11.2013 12:59:32
У объекта "ETTINGS_TEMP_UGH_7033-2212.PRT Component 52769" 1 тел(о).

22.11.2013 12:59:32
НГП для данного элемента:
Face 52941
Face 52838
Face 52996
Face 52906
Face 53039
Face 53040
Face 52833
Face 52951
Face 52837
============

22.11.2013 12:59:32
Соединение касанием Face 39966 и Face 41897

22.11.2013 12:59:32
Координаты точки - [X=-18,Y=36,5,Z=0,499999999999994]

22.11.2013 12:59:32
Соединение открыто!

22.11.2013 12:59:32
Запрос прошёл!
select KATALOG_USP from DB_DATA where OBOZN = :elementTitle
-
Parametrs:
elementTitle - 7033-2212
-
Data:
1

22.11.2013 12:59:32
Open - закрытие соединения...

22.11.2013 12:59:32
Успешно!

22.11.2013 12:59:32
Координаты точки - [X=30,Y=23,5,Z=-5,50000000000001]

22.11.2013 12:59:33
Соединение касанием Face 50012 и Face 52972

22.11.2013 12:59:34
Соединение открыто!

22.11.2013 12:59:34
Запрос прошёл!
select HASHFILE from USP_TEMPLATES where NAMEFILE = :name
-
Parametrs:
name - setBoltInSlot.dlx
-
Data:
B90A9DC63F27742F5759061CE9B6209E

22.11.2013 12:59:34
Open - закрытие соединения...

22.11.2013 12:59:34
Успешно!

22.11.2013 12:59:34
~~~~~~~~~~ Запущен диалог SetBoltInSlot

22.11.2013 12:59:37
Активирована кнопка постановки точки.

22.11.2013 12:59:37
Координаты точки
[X=111,866689218222,Y=120,132979777062,Z=-53]


22.11.2013 12:59:37
У объекта "ETTINGS_TEMP_UGH_7033-2212.PRT Component 52769" 1 тел(о).

22.11.2013 12:59:37
НГП для данного элемента:
Face 52941
Face 52838
Face 52996
Face 52906
Face 53039
Face 53040
Face 52833
Face 52951
Face 52837
============

22.11.2013 12:59:37
У объекта "ETTINGS_TEMP_UGH_7033-2115.PRT Component 42227" 1 тел(о).

22.11.2013 12:59:37
НГП для данного элемента:
Face 41984
Face 41914
Face 42026
Face 41889
Face 41894
Face 41866
Face 42008
Face 42020
============

22.11.2013 12:59:37
У объекта "ETTINGS_TEMP_UGH_7033-2114.PRT Component 31214" 1 тел(о).

22.11.2013 12:59:37
НГП для данного элемента:
Face 39877
Face 31179
Face 39911
Face 39905
Face 40454
Face 40487
Face 40282
Face 40260
============

22.11.2013 12:59:37
У объекта "7050-2201 Component 49877" 1 тел(о).

22.11.2013 12:59:37
НГП для данного элемента:
Face 49988
Face 50004
Face 50010
============

22.11.2013 12:59:37
У объекта "7081-2221 Component 47961" 1 тел(о).

22.11.2013 12:59:37
НГП для данного элемента:
Face 48633
============

22.11.2013 12:59:37
Точка находится на компоненте 
7081-2221


22.11.2013 12:59:37
Координаты точки - [X=111,866689218222,Y=120,132979777062,Z=-53]

22.11.2013 12:59:37
Соединение открыто!

22.11.2013 12:59:37
Запрос прошёл!
select KATALOG_USP from DB_DATA where OBOZN = :elementTitle
-
Parametrs:
elementTitle - 7081-2221
-
Data:
1

22.11.2013 12:59:38
Open - закрытие соединения...

22.11.2013 12:59:38
Успешно!

22.11.2013 12:59:38
Соединение открыто!

22.11.2013 12:59:38
Запрос прошёл!
select * from(select MAX(TO_NUMBER(L) ) from DB_DATA where KATALOG_USP = :cat and D like :dia and GROUP_USP = 5 and NAME = 'Болты  пазовые')where rownum=1
-
Parametrs:
dia - %12%
cat - 1
-
Data:
300

22.11.2013 12:59:38
Open - закрытие соединения...

22.11.2013 12:59:38
Успешно!

22.11.2013 12:59:38
Соединение открыто!

22.11.2013 12:59:38
Запрос прошёл!
select * from(select OBOZN from DB_DATA where KATALOG_USP = 1 and GROUP_USP = 5 and TO_NUMBER(NALICHI)>0  and D like :diametr and TO_NUMBER(L) >= :length and NAME = 'Болты  пазовые' ORDER BY TO_NUMBER(L) )where rownum=1
-
Parametrs:
diametr - %12%
length - 135,5
-
Data:


22.11.2013 12:59:38
Open - закрытие соединения...

22.11.2013 12:59:38
Успешно!

22.11.2013 12:59:38
************************************
Подходящих болтов не найдено!

22.11.2013 12:59:42
Активирована кнопка постановки точки.

22.11.2013 12:59:42
Координаты точки
[X=101,22749350696,Y=176,635500061935,Z=-42,4867334611579]


22.11.2013 12:59:42
У объекта "ETTINGS_TEMP_UGH_7033-2212.PRT Component 52769" 1 тел(о).

22.11.2013 12:59:42
НГП для данного элемента:
Face 52941
Face 52838
Face 52996
Face 52906
Face 53039
Face 53040
Face 52833
Face 52951
Face 52837
============

22.11.2013 12:59:42
У объекта "ETTINGS_TEMP_UGH_7033-2115.PRT Component 42227" 1 тел(о).

22.11.2013 12:59:42
НГП для данного элемента:
Face 41984
Face 41914
Face 42026
Face 41889
Face 41894
Face 41866
Face 42008
Face 42020
============

22.11.2013 12:59:42
У объекта "ETTINGS_TEMP_UGH_7033-2114.PRT Component 31214" 1 тел(о).

22.11.2013 12:59:42
НГП для данного элемента:
Face 39877
Face 31179
Face 39911
Face 39905
Face 40454
Face 40487
Face 40282
Face 40260
============

22.11.2013 12:59:42
У объекта "7050-2201 Component 49877" 1 тел(о).

22.11.2013 12:59:42
НГП для данного элемента:
Face 49988
Face 50004
Face 50010
============

22.11.2013 12:59:42
У объекта "7081-2221 Component 47961" 1 тел(о).

22.11.2013 12:59:42
НГП для данного элемента:
Face 48633
============

22.11.2013 12:59:42
Точка находится на компоненте 
7081-2221


22.11.2013 12:59:42
Координаты точки - [X=101,22749350696,Y=176,635500061935,Z=-42,4867334611579]

22.11.2013 12:59:42
Соединение открыто!

22.11.2013 12:59:43
Запрос прошёл!
select KATALOG_USP from DB_DATA where OBOZN = :elementTitle
-
Parametrs:
elementTitle - 7081-2221
-
Data:
1

22.11.2013 12:59:43
Open - закрытие соединения...

22.11.2013 12:59:43
Успешно!

22.11.2013 12:59:43
Соединение открыто!

22.11.2013 12:59:43
Запрос прошёл!
select * from(select MAX(TO_NUMBER(L) ) from DB_DATA where KATALOG_USP = :cat and D like :dia and GROUP_USP = 5 and NAME = 'Болты  пазовые')where rownum=1
-
Parametrs:
dia - %12%
cat - 1
-
Data:
300

22.11.2013 12:59:43
Open - закрытие соединения...

22.11.2013 12:59:43
Успешно!

22.11.2013 12:59:43
Соединение открыто!

22.11.2013 12:59:43
Запрос прошёл!
select * from(select OBOZN from DB_DATA where KATALOG_USP = 1 and GROUP_USP = 5 and TO_NUMBER(NALICHI)>0  and D like :diametr and TO_NUMBER(L) >= :length and NAME = 'Болты  пазовые' ORDER BY TO_NUMBER(L) )where rownum=1
-
Parametrs:
diametr - %12%
length - 135,5
-
Data:


22.11.2013 12:59:43
Open - закрытие соединения...

22.11.2013 12:59:43
Успешно!

22.11.2013 12:59:43
************************************
Подходящих болтов не найдено!

22.11.2013 12:59:48
-------------------------------------------------- Конец работы программы 

22.11.2013 13:00:00
++++++++++++++++++++++++++++++++++++++++++++++++ Начало работы программы 

22.11.2013 13:00:01
Соединение открыто!

22.11.2013 13:00:01
Open - закрытие соединения...

22.11.2013 13:00:01
Успешно!

22.11.2013 13:00:02
Соединение открыто!

22.11.2013 13:00:02
Запрос прошёл!
select HASHFILE from USP_TEMPLATES where NAMEFILE = :name
-
Parametrs:
name - buttons.dlx
-
Data:
0BEDED3E663FB46CAF21A031EE063AF8

22.11.2013 13:00:02
Open - закрытие соединения...

22.11.2013 13:00:02
Успешно!

22.11.2013 13:00:02
~~~~~~~~~~ Запущен диалог Buttons

22.11.2013 13:00:03
Соединение открыто!

22.11.2013 13:00:03
Запрос прошёл!
select HASHFILE from USP_TEMPLATES where NAMEFILE = :name
-
Parametrs:
name - angleSet.dlx
-
Data:
7202F661DE759729874A5B7AB0A5EA16

22.11.2013 13:00:03
Open - закрытие соединения...

22.11.2013 13:00:04
Успешно!

22.11.2013 13:00:04
~~~~~~~~~~ Запущен диалог AngleSet

22.11.2013 13:00:08
Нажат кнопка выбора типа ГОСТа.

22.11.2013 13:00:08
Введённый угол = 63 градусов и 0 минут.

22.11.2013 13:00:09
Соединение открыто!

22.11.2013 13:00:09
Запрос прошёл!
select * from(select OBOZN from DB_DATA where DB_DATA.GOST = :gost)where rownum=1
-
Parametrs:
gost - 15259-70
-
Data:
7033-2604

22.11.2013 13:00:09
Open - закрытие соединения...

22.11.2013 13:00:09
Успешно!

22.11.2013 13:00:09
Соединение открыто!

22.11.2013 13:00:10
Запрос прошёл!
select DET from DB_DATA where OBOZN = :title
-
Parametrs:
title - 7033-2604
-
Data:
System.Drawing.Bitmap

22.11.2013 13:00:10
Open - закрытие соединения...

22.11.2013 13:00:10
Успешно!

22.11.2013 13:00:10
Соединение открыто!

22.11.2013 13:00:10
Запрос прошёл!
select NAME from DB_DATA where DB_DATA.GOST = :gost
-
Parametrs:
gost - 15259-70
-
Data:
Опоры угловые шириной 60 мм левые

22.11.2013 13:00:10
Open - закрытие соединения...

22.11.2013 13:00:10
Успешно!

22.11.2013 13:00:10
Соединение открыто!

22.11.2013 13:00:10
Запрос прошёл!
select * from(select OBOZN from DB_DATA where DB_DATA.GOST = :gost)where rownum=1
-
Parametrs:
gost - 15258-70
-
Data:
7033-2651

22.11.2013 13:00:10
Open - закрытие соединения...

22.11.2013 13:00:10
Успешно!

22.11.2013 13:00:10
Соединение открыто!

22.11.2013 13:00:10
Запрос прошёл!
select DET from DB_DATA where OBOZN = :title
-
Parametrs:
title - 7033-2651
-
Data:
System.Drawing.Bitmap

22.11.2013 13:00:10
Open - закрытие соединения...

22.11.2013 13:00:10
Успешно!

22.11.2013 13:00:10
Соединение открыто!

22.11.2013 13:00:10
Запрос прошёл!
select NAME from DB_DATA where DB_DATA.GOST = :gost
-
Parametrs:
gost - 15258-70
-
Data:
Опоры угловые шириной 60 мм правые

22.11.2013 13:00:10
Open - закрытие соединения...

22.11.2013 13:00:10
Успешно!

22.11.2013 13:00:12
Элементы для набора на угол:

22.11.2013 13:00:12
7033-2662
7033-2508
7033-2507


22.11.2013 13:00:13
Деталь C:\Documents and Settings\591056\Local Settings\Temp\UGH\7033-2662.prt загружена в NX!

22.11.2013 13:00:13
У объекта "ETTINGS_TEMP_UGH_7033-2662.PRT Component 40476" 1 тел(о).

22.11.2013 13:00:14
НГП для данного элемента:
Face 39895
Face 42462
Face 40380
Face 39887
Face 42529
Face 42739
Face 39878
Face 40510
Face 42555
Face 42719
============

22.11.2013 13:00:14
Соединение открыто!

22.11.2013 13:00:14
Запрос прошёл!
select DB_DATA.GOST from DB_DATA where OBOZN = :title
-
Parametrs:
title - 7033-2662
-
Data:
15258-70

22.11.2013 13:00:14
Open - закрытие соединения...

22.11.2013 13:00:14
Успешно!

22.11.2013 13:00:14
Соединение открыто!

22.11.2013 13:00:14
Запрос прошёл!
select KATALOG_USP from DB_DATA where OBOZN = :elementTitle
-
Parametrs:
elementTitle - 7033-2662
-
Data:
1

22.11.2013 13:00:14
Open - закрытие соединения...

22.11.2013 13:00:14
Успешно!

22.11.2013 13:00:14
Соединение открыто!

22.11.2013 13:00:14
Запрос прошёл!
select USP_ANGLE_BIG.GOST from USP_ANGLE_BIG,DB_DATA where KATALOG_USP = :CAT and DB_DATA.GOST = USP_ANGLE_BIG.GOST group by USP_ANGLE_BIG.GOST
-
Parametrs:
CAT - 1
-
Data:
15262-70
15255-70
15258-70
15259-70
15260-70
15261-70

22.11.2013 13:00:14
Open - закрытие соединения...

22.11.2013 13:00:14
Успешно!

22.11.2013 13:00:14
У объекта "ETTINGS_TEMP_UGH_7033-2662.PRT Component 40476" 1 тел(о).

22.11.2013 13:00:14
НГП для данного элемента:
Face 39895
Face 42462
Face 40380
Face 39887
Face 42529
Face 42739
Face 39878
Face 40510
Face 42555
Face 42719
============

22.11.2013 13:00:15
Деталь C:\Documents and Settings\591056\Local Settings\Temp\UGH\7033-2508.prt загружена в NX!

22.11.2013 13:00:15
У объекта "ETTINGS_TEMP_UGH_7033-2508.PRT Component 42187" 1 тел(о).

22.11.2013 13:00:15
НГП для данного элемента:
Face 40047
Face 40004
Face 42154
Face 39846
============

22.11.2013 13:00:15
Соединение открыто!

22.11.2013 13:00:15
Запрос прошёл!
select DB_DATA.GOST from DB_DATA where OBOZN = :title
-
Parametrs:
title - 7033-2508
-
Data:
15229-70

22.11.2013 13:00:15
Open - закрытие соединения...

22.11.2013 13:00:15
Успешно!

22.11.2013 13:00:15
Соединение открыто!

22.11.2013 13:00:15
Запрос прошёл!
select KATALOG_USP from DB_DATA where OBOZN = :elementTitle
-
Parametrs:
elementTitle - 7033-2508
-
Data:
1

22.11.2013 13:00:15
Open - закрытие соединения...

22.11.2013 13:00:15
Успешно!

22.11.2013 13:00:15
Соединение открыто!

22.11.2013 13:00:15
Запрос прошёл!
select USP_ANGLE_BIG.GOST from USP_ANGLE_BIG,DB_DATA where KATALOG_USP = :CAT and DB_DATA.GOST = USP_ANGLE_BIG.GOST group by USP_ANGLE_BIG.GOST
-
Parametrs:
CAT - 1
-
Data:
15262-70
15255-70
15258-70
15259-70
15260-70
15261-70

22.11.2013 13:00:15
Open - закрытие соединения...

22.11.2013 13:00:15
Успешно!

22.11.2013 13:00:15
У объекта "ETTINGS_TEMP_UGH_7033-2508.PRT Component 42187" 1 тел(о).

22.11.2013 13:00:15
НГП для данного элемента:
Face 40047
Face 40004
Face 42154
Face 39846
============

22.11.2013 13:00:15
У объекта "ETTINGS_TEMP_UGH_7033-2508.PRT Component 42187" 1 тел(о).

22.11.2013 13:00:15
НГП для данного элемента:
Face 40047
Face 40004
Face 42154
Face 39846
============

22.11.2013 13:00:15
Соединение касанием Face 41759 и Face 42512

22.11.2013 13:00:15
Координаты точки - [X=46,155802099626,Y=-13,Z=20]

22.11.2013 13:00:15
Соединение открыто!

22.11.2013 13:00:15
Запрос прошёл!
select KATALOG_USP from DB_DATA where OBOZN = :elementTitle
-
Parametrs:
elementTitle - 7033-2662
-
Data:
1

22.11.2013 13:00:15
Open - закрытие соединения...

22.11.2013 13:00:15
Успешно!

22.11.2013 13:00:15
Координаты точки - [X=54,4,Y=3,Z=60]

22.11.2013 13:00:16
Соединение открыто!

22.11.2013 13:00:16
Запрос прошёл!
select KATALOG_USP from DB_DATA where OBOZN = :elementTitle
-
Parametrs:
elementTitle - 7033-2508
-
Data:
1

22.11.2013 13:00:16
Open - закрытие соединения...

22.11.2013 13:00:16
Успешно!

22.11.2013 13:00:16
Координаты точки - [X=10,8816466465643,Y=-3,00000000000005,Z=60]

22.11.2013 13:00:16
Деталь C:\Documents and Settings\591056\Local Settings\Temp\UGH\7033-2507.prt загружена в NX!

22.11.2013 13:00:16
У объекта "ETTINGS_TEMP_UGH_7033-2507.PRT Component 52852" 1 тел(о).

22.11.2013 13:00:16
НГП для данного элемента:
Face 53709
Face 53723
Face 53833
Face 53784
============

22.11.2013 13:00:16
Соединение открыто!

22.11.2013 13:00:16
Запрос прошёл!
select DB_DATA.GOST from DB_DATA where OBOZN = :title
-
Parametrs:
title - 7033-2507
-
Data:
15229-70

22.11.2013 13:00:16
Open - закрытие соединения...

22.11.2013 13:00:16
Успешно!

22.11.2013 13:00:16
Соединение открыто!

22.11.2013 13:00:16
Запрос прошёл!
select KATALOG_USP from DB_DATA where OBOZN = :elementTitle
-
Parametrs:
elementTitle - 7033-2507
-
Data:
1

22.11.2013 13:00:16
Open - закрытие соединения...

22.11.2013 13:00:16
Успешно!

22.11.2013 13:00:16
Соединение открыто!

22.11.2013 13:00:16
Запрос прошёл!
select USP_ANGLE_BIG.GOST from USP_ANGLE_BIG,DB_DATA where KATALOG_USP = :CAT and DB_DATA.GOST = USP_ANGLE_BIG.GOST group by USP_ANGLE_BIG.GOST
-
Parametrs:
CAT - 1
-
Data:
15262-70
15255-70
15258-70
15259-70
15260-70
15261-70

22.11.2013 13:00:16
Open - закрытие соединения...

22.11.2013 13:00:16
Успешно!

22.11.2013 13:00:16
У объекта "ETTINGS_TEMP_UGH_7033-2507.PRT Component 52852" 1 тел(о).

22.11.2013 13:00:16
НГП для данного элемента:
Face 53709
Face 53723
Face 53833
Face 53784
============

22.11.2013 13:00:17
У объекта "ETTINGS_TEMP_UGH_7033-2507.PRT Component 52852" 1 тел(о).

22.11.2013 13:00:17
НГП для данного элемента:
Face 53709
Face 53723
Face 53833
Face 53784
============

22.11.2013 13:00:17
Соединение выравниванием Edge 53696 и Edge 42138

22.11.2013 13:00:17
Соединение касанием Face 53825 и Face 39982

22.11.2013 13:00:17
У объекта "ETTINGS_TEMP_UGH_7033-2662.PRT Component 40476" 1 тел(о).

22.11.2013 13:00:17
НГП для данного элемента:
Face 39895
Face 42462
Face 40380
Face 39887
Face 42529
Face 42739
Face 39878
Face 40510
Face 42555
Face 42719
============

22.11.2013 13:00:17
У объекта "ETTINGS_TEMP_UGH_7033-2507.PRT Component 52852" 1 тел(о).

22.11.2013 13:00:17
НГП для данного элемента:
Face 53709
Face 53723
Face 53833
Face 53784
============

22.11.2013 13:00:27
-------------------------------------------------- Конец работы программы 

22.11.2013 13:00:34
++++++++++++++++++++++++++++++++++++++++++++++++ Начало работы программы 

22.11.2013 13:00:34
Соединение открыто!

22.11.2013 13:00:34
Open - закрытие соединения...

22.11.2013 13:00:34
Успешно!

22.11.2013 13:00:36
Соединение открыто!

22.11.2013 13:00:36
Запрос прошёл!
select HASHFILE from USP_TEMPLATES where NAMEFILE = :name
-
Parametrs:
name - buttons.dlx
-
Data:
0BEDED3E663FB46CAF21A031EE063AF8

22.11.2013 13:00:36
Open - закрытие соединения...

22.11.2013 13:00:36
Успешно!

22.11.2013 13:00:36
~~~~~~~~~~ Запущен диалог Buttons

22.11.2013 13:00:37
Соединение открыто!

22.11.2013 13:00:37
Запрос прошёл!
select HASHFILE from USP_TEMPLATES where NAMEFILE = :name
-
Parametrs:
name - turningBase.dlx
-
Data:
5007B96C90FFC0F819428E2D9AD82D0E

22.11.2013 13:00:37
Open - закрытие соединения...

22.11.2013 13:00:37
Успешно!

22.11.2013 13:00:37
~~~~~~~~~~ Запущен диалог TurningBase

22.11.2013 13:00:39
Нажат выбор грани.

22.11.2013 13:00:39
Точка обр. грани - [X=-78,9999999999995,Y=-5,36449993806552,Z=77,4999999999999]

22.11.2013 13:00:40
У объекта "7050-2201 Component 49877" 1 тел(о).

22.11.2013 13:00:40
НГП для данного элемента:
Face 49988
Face 50004
Face 50010
============

22.11.2013 13:00:40
Пишем точки

22.11.2013 13:00:40
У объекта "7050-2201 Component 49877" 1 тел(о).

22.11.2013 13:00:40
НГП для данного элемента:
Face 49988
Face 50004
Face 50010
============

22.11.2013 13:00:40
[X=-101,5,Y=-27,8644999380655,Z=77,4999999999999]

22.11.2013 13:00:40
[X=48,5000000000005,Y=-27,8644999380655,Z=77,4999999999999]

22.11.2013 13:00:40
[X=-101,5,Y=17,1355000619345,Z=77,4999999999999]

22.11.2013 13:00:40
[X=48,5000000000005,Y=17,1355000619345,Z=77,4999999999999]

22.11.2013 13:00:40
У объекта "7081-2221 Component 47961" 1 тел(о).

22.11.2013 13:00:40
НГП для данного элемента:
Face 48633
============

22.11.2013 13:00:40
[X=-74,9999999999998,Y=92,6355000619349,Z=77,4999999999999]

22.11.2013 13:00:40
[X=165,Y=92,6355000619349,Z=77,4999999999999]

22.11.2013 13:00:40
[X=-74,9999999999998,Y=272,635500061935,Z=77,4999999999999]

22.11.2013 13:00:40
[X=165,Y=272,635500061935,Z=77,4999999999999]

22.11.2013 13:00:40
Минимальный радиус выгружаемой базы = 369,891876093542

22.11.2013 13:00:40
Тип паза - Крестообразное

22.11.2013 13:00:40
Соединение открыто!

22.11.2013 13:00:40
Запрос прошёл!
select OBOZN,D from DB_DATA where GROUP_USP = 0 and TO_NUMBER(NALICHI)>0  and (NAME like 'Плита круглая%' or NAME like 'Плиты круглые%') and KATALOG_USP = 1 and NAME not like '%радиальн%'
-
Parametrs:
-
Data:
[7081-2401, 240]
[7081-2381, 360]

22.11.2013 13:00:40
Open - закрытие соединения...

22.11.2013 13:00:40
Успешно!

22.11.2013 13:00:41
Деталь C:\Documents and Settings\591056\Local Settings\Temp\UGH\7081-2381.prt загружена в NX!

22.11.2013 13:00:41
У объекта "ETTINGS_TEMP_UGH_7081-2381.PRT Component 41822" 1 тел(о).

22.11.2013 13:00:42
НГП для данного элемента:
Face 53913
Face 54159
Face 40545
Face 41766
Face 41803
Face 44413
Face 54127
Face 44339
Face 54036
Face 41673
Face 54174
Face 42397
Face 53899
Face 41925
Face 42327
Face 54045
Face 40523
Face 53890
Face 53693
Face 53734
Face 44338
Face 31196
Face 54134
Face 41748
Face 43113
Face 53616
Face 53611
Face 54162
============

22.11.2013 13:01:10
Нажата кнопка меньшего диаметра.

22.11.2013 13:01:11
Замена компонента ETTINGS_TEMP_UGH_7081-2381.PRT компонентом 7081-2401__95135066

22.11.2013 13:01:11
У объекта "7081-2401__95135066 Component 42555" 1 тел(о).

22.11.2013 13:01:11
НГП для данного элемента:
Face 40994
Face 42202
Face 41080
Face 41040
Face 41045
Face 40861
Face 42239
Face 45585
Face 40963
Face 41008
Face 45532
Face 45514
Face 41988
Face 45509
Face 45560
Face 45566
============

22.11.2013 13:01:13
Нажата кнопка большего диаметра.

22.11.2013 13:01:14
Замена компонента 7081-2401__95135066 компонентом 7081-2381__132978856

22.11.2013 13:01:14
У объекта "7081-2381__132978856 Component 42526" 1 тел(о).

22.11.2013 13:01:15
НГП для данного элемента:
Face 41689
Face 44471
Face 42427
Face 54204
Face 53885
Face 41839
Face 44450
Face 42150
Face 40176
Face 42282
Face 53730
Face 41789
Face 54086
Face 41837
Face 54104
Face 53814
Face 53617
Face 53819
Face 42134
Face 41709
Face 54045
Face 41725
Face 53918
Face 53884
Face 53866
Face 54201
Face 39841
Face 54180
============

22.11.2013 13:01:23
Нажата кнопка Отмена.

22.11.2013 13:01:26
-------------------------------------------------- Конец работы программы 

22.11.2013 15:57:15
++++++++++++++++++++++++++++++++++++++++++++++++ Начало работы программы 

22.11.2013 15:57:16
Соединение открыто!

22.11.2013 15:57:16
Open - закрытие соединения...

22.11.2013 15:57:16
Успешно!

22.11.2013 15:57:18
Соединение открыто!

22.11.2013 15:57:18
Запрос прошёл!
select HASHFILE from USP_TEMPLATES where NAMEFILE = :name
-
Parametrs:
name - buttons.dlx
-
Data:
0BEDED3E663FB46CAF21A031EE063AF8

22.11.2013 15:57:18
Open - закрытие соединения...

22.11.2013 15:57:18
Успешно!

22.11.2013 15:57:18
~~~~~~~~~~ Запущен диалог Buttons

22.11.2013 15:57:22
Соединение открыто!

22.11.2013 15:57:22
Запрос прошёл!
select HASHFILE from USP_TEMPLATES where NAMEFILE = :name
-
Parametrs:
name - turningBase.dlx
-
Data:
5007B96C90FFC0F819428E2D9AD82D0E

22.11.2013 15:57:22
Open - закрытие соединения...

22.11.2013 15:57:22
Успешно!

22.11.2013 15:57:22
~~~~~~~~~~ Запущен диалог TurningBase

22.11.2013 15:57:24
Нажат выбор грани.

22.11.2013 15:57:24
Nikulin - 16

22.11.2013 15:57:24
Точка обр. грани - [X=-86,4999999999999,Y=-1,95750520930745E-15,Z=15]

22.11.2013 15:57:24
У объекта "7050-2424 Component 33460" 1 тел(о).

22.11.2013 15:57:24
НГП для данного элемента:
Face 34373
Face 34258
============

22.11.2013 15:57:24
Пишем точки

22.11.2013 15:57:24
У объекта "7050-2424 Component 33460" 1 тел(о).

22.11.2013 15:57:24
НГП для данного элемента:
Face 34373
Face 34258
============

22.11.2013 15:57:24
[X=-99,4999999999999,Y=-13,9999999999999,Z=15]

22.11.2013 15:57:24
[X=63,5000000000001,Y=-13,9999999999999,Z=15]

22.11.2013 15:57:24
[X=-99,4999999999999,Y=38,5000000000001,Z=15]

22.11.2013 15:57:24
[X=63,5000000000001,Y=38,5000000000001,Z=15]

22.11.2013 15:57:24
Минимальный радиус выгружаемой базы = 154,862035373425

22.11.2013 15:57:24
Тип паза - Крестообразное

22.11.2013 15:57:25
Соединение открыто!

22.11.2013 15:57:25
Запрос прошёл!
select OBOZN,D from DB_DATA where GROUP_USP = 0 and TO_NUMBER(NALICHI)>0  and (NAME like 'Плита круглая%' or NAME like 'Плиты круглые%') and KATALOG_USP = 1 and NAME not like '%радиальн%'
-
Parametrs:
-
Data:
[7081-2401, 240]
[7081-2381, 360]

22.11.2013 15:57:25
Open - закрытие соединения...

22.11.2013 15:57:25
Успешно!

22.11.2013 15:57:25
Деталь C:\Documents and Settings\591056\Local Settings\Temp\UGH\7081-2381.prt загружена в NX!

22.11.2013 15:57:25
У объекта "ETTINGS_TEMP_UGH_7081-2381.PRT Component 38575" 1 тел(о).

22.11.2013 15:57:25
НГП для данного элемента:
Face 39024
Face 40171
Face 39822
Face 39007
Face 39394
Face 39367
Face 39966
Face 38796
Face 39179
Face 38637
Face 40185
Face 38666
Face 39014
Face 39373
Face 38687
Face 40045
Face 39903
Face 39798
Face 38657
Face 39612
Face 39701
Face 39199
Face 39275
Face 38690
Face 39632
Face 39747
Face 39511
Face 39293
============

22.11.2013 15:57:27
Нажат реверс.

22.11.2013 15:57:32
Нажата кнопка Отмена.

22.11.2013 15:57:35
-------------------------------------------------- Конец работы программы 

